<?xml version="1.0" encoding="UTF-8"?>
<testsuite xmlns:xsi="http://www.w3.org/2001/XMLSchema-instance" xsi:noNamespaceSchemaLocation="https://maven.apache.org/surefire/maven-surefire-plugin/xsd/surefire-test-report.xsd" name="br.com.basis.sgt.SgtApplicationTests" time="9.298" tests="1" errors="0" skipped="0" failures="0">
  <properties>
    <property name="sun.desktop" value="gnome"/>
    <property name="awt.toolkit" value="sun.awt.X11.XToolkit"/>
    <property name="java.specification.version" value="11"/>
    <property name="sun.cpu.isalist" value=""/>
    <property name="sun.jnu.encoding" value="UTF-8"/>
    <property name="java.class.path" value="/home/basis/Documentos/GitHub/sgt-2/target/test-classes:/home/basis/Documentos/GitHub/sgt-2/target/classes:/home/basis/.m2/repository/org/springframework/boot/spring-boot-starter-web/2.4.8/spring-boot-starter-web-2.4.8.jar:/home/basis/.m2/repository/org/springframework/boot/spring-boot-starter/2.4.8/spring-boot-starter-2.4.8.jar:/home/basis/.m2/repository/org/springframework/boot/spring-boot-starter-logging/2.4.8/spring-boot-starter-logging-2.4.8.jar:/home/basis/.m2/repository/ch/qos/logback/logback-classic/1.2.3/logback-classic-1.2.3.jar:/home/basis/.m2/repository/ch/qos/logback/logback-core/1.2.3/logback-core-1.2.3.jar:/home/basis/.m2/repository/org/apache/logging/log4j/log4j-to-slf4j/2.13.3/log4j-to-slf4j-2.13.3.jar:/home/basis/.m2/repository/org/apache/logging/log4j/log4j-api/2.13.3/log4j-api-2.13.3.jar:/home/basis/.m2/repository/org/slf4j/jul-to-slf4j/1.7.31/jul-to-slf4j-1.7.31.jar:/home/basis/.m2/repository/jakarta/annotation/jakarta.annotation-api/1.3.5/jakarta.annotation-api-1.3.5.jar:/home/basis/.m2/repository/org/yaml/snakeyaml/1.27/snakeyaml-1.27.jar:/home/basis/.m2/repository/org/springframework/boot/spring-boot-starter-json/2.4.8/spring-boot-starter-json-2.4.8.jar:/home/basis/.m2/repository/com/fasterxml/jackson/core/jackson-databind/2.11.4/jackson-databind-2.11.4.jar:/home/basis/.m2/repository/com/fasterxml/jackson/core/jackson-annotations/2.11.4/jackson-annotations-2.11.4.jar:/home/basis/.m2/repository/com/fasterxml/jackson/core/jackson-core/2.11.4/jackson-core-2.11.4.jar:/home/basis/.m2/repository/com/fasterxml/jackson/datatype/jackson-datatype-jdk8/2.11.4/jackson-datatype-jdk8-2.11.4.jar:/home/basis/.m2/repository/com/fasterxml/jackson/datatype/jackson-datatype-jsr310/2.11.4/jackson-datatype-jsr310-2.11.4.jar:/home/basis/.m2/repository/com/fasterxml/jackson/module/jackson-module-parameter-names/2.11.4/jackson-module-parameter-names-2.11.4.jar:/home/basis/.m2/repository/org/springframework/boot/spring-boot-starter-tomcat/2.4.8/spring-boot-starter-tomcat-2.4.8.jar:/home/basis/.m2/repository/org/apache/tomcat/embed/tomcat-embed-core/9.0.48/tomcat-embed-core-9.0.48.jar:/home/basis/.m2/repository/org/glassfish/jakarta.el/3.0.3/jakarta.el-3.0.3.jar:/home/basis/.m2/repository/org/apache/tomcat/embed/tomcat-embed-websocket/9.0.48/tomcat-embed-websocket-9.0.48.jar:/home/basis/.m2/repository/org/springframework/spring-web/5.3.8/spring-web-5.3.8.jar:/home/basis/.m2/repository/org/springframework/spring-webmvc/5.3.8/spring-webmvc-5.3.8.jar:/home/basis/.m2/repository/org/projectlombok/lombok/1.18.20/lombok-1.18.20.jar:/home/basis/.m2/repository/org/springframework/boot/spring-boot-starter-test/2.4.8/spring-boot-starter-test-2.4.8.jar:/home/basis/.m2/repository/org/springframework/boot/spring-boot-test/2.4.8/spring-boot-test-2.4.8.jar:/home/basis/.m2/repository/org/springframework/boot/spring-boot-test-autoconfigure/2.4.8/spring-boot-test-autoconfigure-2.4.8.jar:/home/basis/.m2/repository/com/jayway/jsonpath/json-path/2.4.0/json-path-2.4.0.jar:/home/basis/.m2/repository/net/minidev/json-smart/2.3.1/json-smart-2.3.1.jar:/home/basis/.m2/repository/net/minidev/accessors-smart/2.3.1/accessors-smart-2.3.1.jar:/home/basis/.m2/repository/org/slf4j/slf4j-api/1.7.31/slf4j-api-1.7.31.jar:/home/basis/.m2/repository/jakarta/xml/bind/jakarta.xml.bind-api/2.3.3/jakarta.xml.bind-api-2.3.3.jar:/home/basis/.m2/repository/jakarta/activation/jakarta.activation-api/1.2.2/jakarta.activation-api-1.2.2.jar:/home/basis/.m2/repository/org/assertj/assertj-core/3.18.1/assertj-core-3.18.1.jar:/home/basis/.m2/repository/org/hamcrest/hamcrest/2.2/hamcrest-2.2.jar:/home/basis/.m2/repository/org/junit/jupiter/junit-jupiter/5.7.2/junit-jupiter-5.7.2.jar:/home/basis/.m2/repository/org/junit/jupiter/junit-jupiter-api/5.7.2/junit-jupiter-api-5.7.2.jar:/home/basis/.m2/repository/org/apiguardian/apiguardian-api/1.1.0/apiguardian-api-1.1.0.jar:/home/basis/.m2/repository/org/opentest4j/opentest4j/1.2.0/opentest4j-1.2.0.jar:/home/basis/.m2/repository/org/junit/platform/junit-platform-commons/1.7.2/junit-platform-commons-1.7.2.jar:/home/basis/.m2/repository/org/junit/jupiter/junit-jupiter-params/5.7.2/junit-jupiter-params-5.7.2.jar:/home/basis/.m2/repository/org/junit/jupiter/junit-jupiter-engine/5.7.2/junit-jupiter-engine-5.7.2.jar:/home/basis/.m2/repository/org/junit/platform/junit-platform-engine/1.7.2/junit-platform-engine-1.7.2.jar:/home/basis/.m2/repository/org/mockito/mockito-junit-jupiter/3.6.28/mockito-junit-jupiter-3.6.28.jar:/home/basis/.m2/repository/org/skyscreamer/jsonassert/1.5.0/jsonassert-1.5.0.jar:/home/basis/.m2/repository/com/vaadin/external/google/android-json/0.0.20131108.vaadin1/android-json-0.0.20131108.vaadin1.jar:/home/basis/.m2/repository/org/springframework/spring-core/5.3.8/spring-core-5.3.8.jar:/home/basis/.m2/repository/org/springframework/spring-jcl/5.3.8/spring-jcl-5.3.8.jar:/home/basis/.m2/repository/org/springframework/spring-test/5.3.8/spring-test-5.3.8.jar:/home/basis/.m2/repository/org/xmlunit/xmlunit-core/2.7.0/xmlunit-core-2.7.0.jar:/home/basis/.m2/repository/org/liquibase/liquibase-core/4.4.1/liquibase-core-4.4.1.jar:/home/basis/.m2/repository/javax/xml/bind/jaxb-api/2.3.1/jaxb-api-2.3.1.jar:/home/basis/.m2/repository/org/springframework/boot/spring-boot-starter-data-jpa/2.4.8/spring-boot-starter-data-jpa-2.4.8.jar:/home/basis/.m2/repository/org/springframework/boot/spring-boot-starter-aop/2.4.8/spring-boot-starter-aop-2.4.8.jar:/home/basis/.m2/repository/org/aspectj/aspectjweaver/1.9.6/aspectjweaver-1.9.6.jar:/home/basis/.m2/repository/org/springframework/boot/spring-boot-starter-jdbc/2.4.8/spring-boot-starter-jdbc-2.4.8.jar:/home/basis/.m2/repository/com/zaxxer/HikariCP/3.4.5/HikariCP-3.4.5.jar:/home/basis/.m2/repository/org/springframework/spring-jdbc/5.3.8/spring-jdbc-5.3.8.jar:/home/basis/.m2/repository/jakarta/transaction/jakarta.transaction-api/1.3.3/jakarta.transaction-api-1.3.3.jar:/home/basis/.m2/repository/jakarta/persistence/jakarta.persistence-api/2.2.3/jakarta.persistence-api-2.2.3.jar:/home/basis/.m2/repository/org/springframework/data/spring-data-jpa/2.4.10/spring-data-jpa-2.4.10.jar:/home/basis/.m2/repository/org/springframework/data/spring-data-commons/2.4.10/spring-data-commons-2.4.10.jar:/home/basis/.m2/repository/org/springframework/spring-orm/5.3.8/spring-orm-5.3.8.jar:/home/basis/.m2/repository/org/springframework/spring-tx/5.3.8/spring-tx-5.3.8.jar:/home/basis/.m2/repository/org/springframework/spring-aspects/5.3.8/spring-aspects-5.3.8.jar:/home/basis/.m2/repository/org/postgresql/postgresql/42.2.23/postgresql-42.2.23.jar:/home/basis/.m2/repository/org/checkerframework/checker-qual/3.5.0/checker-qual-3.5.0.jar:/home/basis/.m2/repository/org/mapstruct/mapstruct-jdk8/1.2.0.Final/mapstruct-jdk8-1.2.0.Final.jar:/home/basis/.m2/repository/org/mapstruct/mapstruct-processor/1.2.0.Final/mapstruct-processor-1.2.0.Final.jar:/home/basis/.m2/repository/org/hibernate/hibernate-core/5.4.32.Final/hibernate-core-5.4.32.Final.jar:/home/basis/.m2/repository/org/jboss/logging/jboss-logging/3.4.2.Final/jboss-logging-3.4.2.Final.jar:/home/basis/.m2/repository/javax/persistence/javax.persistence-api/2.2/javax.persistence-api-2.2.jar:/home/basis/.m2/repository/org/javassist/javassist/3.27.0-GA/javassist-3.27.0-GA.jar:/home/basis/.m2/repository/net/bytebuddy/byte-buddy/1.10.22/byte-buddy-1.10.22.jar:/home/basis/.m2/repository/antlr/antlr/2.7.7/antlr-2.7.7.jar:/home/basis/.m2/repository/org/jboss/spec/javax/transaction/jboss-transaction-api_1.2_spec/1.1.1.Final/jboss-transaction-api_1.2_spec-1.1.1.Final.jar:/home/basis/.m2/repository/org/jboss/jandex/2.2.3.Final/jandex-2.2.3.Final.jar:/home/basis/.m2/repository/com/fasterxml/classmate/1.5.1/classmate-1.5.1.jar:/home/basis/.m2/repository/javax/activation/javax.activation-api/1.2.0/javax.activation-api-1.2.0.jar:/home/basis/.m2/repository/org/dom4j/dom4j/2.1.3/dom4j-2.1.3.jar:/home/basis/.m2/repository/org/hibernate/common/hibernate-commons-annotations/5.1.2.Final/hibernate-commons-annotations-5.1.2.Final.jar:/home/basis/.m2/repository/org/glassfish/jaxb/jaxb-runtime/2.3.4/jaxb-runtime-2.3.4.jar:/home/basis/.m2/repository/org/glassfish/jaxb/txw2/2.3.4/txw2-2.3.4.jar:/home/basis/.m2/repository/com/sun/istack/istack-commons-runtime/3.0.12/istack-commons-runtime-3.0.12.jar:/home/basis/.m2/repository/com/sun/activation/jakarta.activation/1.2.2/jakarta.activation-1.2.2.jar:/home/basis/.m2/repository/org/springframework/spring-context/5.3.8/spring-context-5.3.8.jar:/home/basis/.m2/repository/org/springframework/spring-aop/5.3.8/spring-aop-5.3.8.jar:/home/basis/.m2/repository/org/springframework/spring-beans/5.3.8/spring-beans-5.3.8.jar:/home/basis/.m2/repository/org/springframework/spring-expression/5.3.8/spring-expression-5.3.8.jar:/home/basis/.m2/repository/org/springframework/boot/spring-boot-autoconfigure/2.4.8/spring-boot-autoconfigure-2.4.8.jar:/home/basis/.m2/repository/org/springframework/boot/spring-boot/2.4.8/spring-boot-2.4.8.jar:/home/basis/.m2/repository/org/mockito/mockito-core/3.6.28/mockito-core-3.6.28.jar:/home/basis/.m2/repository/net/bytebuddy/byte-buddy-agent/1.10.22/byte-buddy-agent-1.10.22.jar:/home/basis/.m2/repository/org/objenesis/objenesis/3.1/objenesis-3.1.jar:/home/basis/.m2/repository/org/apache/maven/surefire/maven-surefire-common/2.22.2/maven-surefire-common-2.22.2.jar:/home/basis/.m2/repository/org/apache/maven/maven-plugin-api/2.2.1/maven-plugin-api-2.2.1.jar:/home/basis/.m2/repository/org/apache/maven/plugin-tools/maven-plugin-annotations/3.5.2/maven-plugin-annotations-3.5.2.jar:/home/basis/.m2/repository/org/apache/maven/surefire/surefire-api/2.22.2/surefire-api-2.22.2.jar:/home/basis/.m2/repository/org/apache/maven/surefire/surefire-logger-api/2.22.2/surefire-logger-api-2.22.2.jar:/home/basis/.m2/repository/org/apache/maven/surefire/surefire-booter/2.22.2/surefire-booter-2.22.2.jar:/home/basis/.m2/repository/org/apache/maven/maven-artifact/2.2.1/maven-artifact-2.2.1.jar:/home/basis/.m2/repository/org/codehaus/plexus/plexus-utils/1.5.15/plexus-utils-1.5.15.jar:/home/basis/.m2/repository/org/apache/maven/maven-plugin-descriptor/2.2.1/maven-plugin-descriptor-2.2.1.jar:/home/basis/.m2/repository/org/codehaus/plexus/plexus-container-default/1.0-alpha-9-stable-1/plexus-container-default-1.0-alpha-9-stable-1.jar:/home/basis/.m2/repository/junit/junit/4.13.2/junit-4.13.2.jar:/home/basis/.m2/repository/org/hamcrest/hamcrest-core/2.2/hamcrest-core-2.2.jar:/home/basis/.m2/repository/org/apache/maven/maven-project/2.2.1/maven-project-2.2.1.jar:/home/basis/.m2/repository/org/apache/maven/maven-settings/2.2.1/maven-settings-2.2.1.jar:/home/basis/.m2/repository/org/apache/maven/maven-profile/2.2.1/maven-profile-2.2.1.jar:/home/basis/.m2/repository/org/apache/maven/maven-artifact-manager/2.2.1/maven-artifact-manager-2.2.1.jar:/home/basis/.m2/repository/backport-util-concurrent/backport-util-concurrent/3.1/backport-util-concurrent-3.1.jar:/home/basis/.m2/repository/org/apache/maven/maven-plugin-registry/2.2.1/maven-plugin-registry-2.2.1.jar:/home/basis/.m2/repository/org/codehaus/plexus/plexus-interpolation/1.11/plexus-interpolation-1.11.jar:/home/basis/.m2/repository/org/apache/maven/maven-model/2.2.1/maven-model-2.2.1.jar:/home/basis/.m2/repository/org/apache/maven/maven-core/2.2.1/maven-core-2.2.1.jar:/home/basis/.m2/repository/org/apache/maven/maven-plugin-parameter-documenter/2.2.1/maven-plugin-parameter-documenter-2.2.1.jar:/home/basis/.m2/repository/org/apache/maven/wagon/wagon-http/1.0-beta-6/wagon-http-1.0-beta-6.jar:/home/basis/.m2/repository/org/apache/maven/wagon/wagon-http-shared/1.0-beta-6/wagon-http-shared-1.0-beta-6.jar:/home/basis/.m2/repository/nekohtml/xercesMinimal/1.9.6.2/xercesMinimal-1.9.6.2.jar:/home/basis/.m2/repository/nekohtml/nekohtml/1.9.6.2/nekohtml-1.9.6.2.jar:/home/basis/.m2/repository/commons-httpclient/commons-httpclient/3.1/commons-httpclient-3.1.jar:/home/basis/.m2/repository/commons-codec/commons-codec/1.15/commons-codec-1.15.jar:/home/basis/.m2/repository/org/apache/maven/wagon/wagon-webdav-jackrabbit/1.0-beta-6/wagon-webdav-jackrabbit-1.0-beta-6.jar:/home/basis/.m2/repository/org/apache/jackrabbit/jackrabbit-webdav/1.5.0/jackrabbit-webdav-1.5.0.jar:/home/basis/.m2/repository/org/apache/jackrabbit/jackrabbit-jcr-commons/1.5.0/jackrabbit-jcr-commons-1.5.0.jar:/home/basis/.m2/repository/org/slf4j/slf4j-nop/1.7.31/slf4j-nop-1.7.31.jar:/home/basis/.m2/repository/org/slf4j/slf4j-jdk14/1.7.31/slf4j-jdk14-1.7.31.jar:/home/basis/.m2/repository/org/slf4j/jcl-over-slf4j/1.7.31/jcl-over-slf4j-1.7.31.jar:/home/basis/.m2/repository/org/apache/maven/reporting/maven-reporting-api/2.2.1/maven-reporting-api-2.2.1.jar:/home/basis/.m2/repository/org/apache/maven/doxia/doxia-logging-api/1.1/doxia-logging-api-1.1.jar:/home/basis/.m2/repository/org/apache/maven/wagon/wagon-provider-api/1.0-beta-6/wagon-provider-api-1.0-beta-6.jar:/home/basis/.m2/repository/org/apache/maven/maven-repository-metadata/2.2.1/maven-repository-metadata-2.2.1.jar:/home/basis/.m2/repository/org/apache/maven/maven-error-diagnostics/2.2.1/maven-error-diagnostics-2.2.1.jar:/home/basis/.m2/repository/org/apache/maven/maven-monitor/2.2.1/maven-monitor-2.2.1.jar:/home/basis/.m2/repository/classworlds/classworlds/1.1/classworlds-1.1.jar:/home/basis/.m2/repository/org/sonatype/plexus/plexus-sec-dispatcher/1.3/plexus-sec-dispatcher-1.3.jar:/home/basis/.m2/repository/org/sonatype/plexus/plexus-cipher/1.4/plexus-cipher-1.4.jar:/home/basis/.m2/repository/org/apache/maven/maven-toolchain/2.2.1/maven-toolchain-2.2.1.jar:/home/basis/.m2/repository/org/codehaus/plexus/plexus-java/0.9.10/plexus-java-0.9.10.jar:/home/basis/.m2/repository/org/ow2/asm/asm/6.2/asm-6.2.jar:/home/basis/.m2/repository/com/thoughtworks/qdox/qdox/2.0-M8/qdox-2.0-M8.jar:"/>
    <property name="java.vm.vendor" value="Ubuntu"/>
    <property name="sun.arch.data.model" value="64"/>
    <property name="java.vendor.url" value="https://ubuntu.com/"/>
    <property name="user.timezone" value=""/>
    <property name="java.vm.specification.version" value="11"/>
    <property name="os.name" value="Linux"/>
    <property name="sun.java.launcher" value="SUN_STANDARD"/>
    <property name="user.country" value="BR"/>
    <property name="sun.boot.library.path" value="/usr/lib/jvm/java-11-openjdk-amd64/lib"/>
    <property name="sun.java.command" value="/home/basis/Documentos/GitHub/sgt-2/target/surefire/surefirebooter389876143752300013.jar /home/basis/Documentos/GitHub/sgt-2/target/surefire 2021-08-19T09-22-20_242-jvmRun1 surefire17872124296884294789tmp surefire_012916556616515857780tmp"/>
    <property name="jdk.debug" value="release"/>
    <property name="surefire.test.class.path" value="/home/basis/Documentos/GitHub/sgt-2/target/test-classes:/home/basis/Documentos/GitHub/sgt-2/target/classes:/home/basis/.m2/repository/org/springframework/boot/spring-boot-starter-web/2.4.8/spring-boot-starter-web-2.4.8.jar:/home/basis/.m2/repository/org/springframework/boot/spring-boot-starter/2.4.8/spring-boot-starter-2.4.8.jar:/home/basis/.m2/repository/org/springframework/boot/spring-boot-starter-logging/2.4.8/spring-boot-starter-logging-2.4.8.jar:/home/basis/.m2/repository/ch/qos/logback/logback-classic/1.2.3/logback-classic-1.2.3.jar:/home/basis/.m2/repository/ch/qos/logback/logback-core/1.2.3/logback-core-1.2.3.jar:/home/basis/.m2/repository/org/apache/logging/log4j/log4j-to-slf4j/2.13.3/log4j-to-slf4j-2.13.3.jar:/home/basis/.m2/repository/org/apache/logging/log4j/log4j-api/2.13.3/log4j-api-2.13.3.jar:/home/basis/.m2/repository/org/slf4j/jul-to-slf4j/1.7.31/jul-to-slf4j-1.7.31.jar:/home/basis/.m2/repository/jakarta/annotation/jakarta.annotation-api/1.3.5/jakarta.annotation-api-1.3.5.jar:/home/basis/.m2/repository/org/yaml/snakeyaml/1.27/snakeyaml-1.27.jar:/home/basis/.m2/repository/org/springframework/boot/spring-boot-starter-json/2.4.8/spring-boot-starter-json-2.4.8.jar:/home/basis/.m2/repository/com/fasterxml/jackson/core/jackson-databind/2.11.4/jackson-databind-2.11.4.jar:/home/basis/.m2/repository/com/fasterxml/jackson/core/jackson-annotations/2.11.4/jackson-annotations-2.11.4.jar:/home/basis/.m2/repository/com/fasterxml/jackson/core/jackson-core/2.11.4/jackson-core-2.11.4.jar:/home/basis/.m2/repository/com/fasterxml/jackson/datatype/jackson-datatype-jdk8/2.11.4/jackson-datatype-jdk8-2.11.4.jar:/home/basis/.m2/repository/com/fasterxml/jackson/datatype/jackson-datatype-jsr310/2.11.4/jackson-datatype-jsr310-2.11.4.jar:/home/basis/.m2/repository/com/fasterxml/jackson/module/jackson-module-parameter-names/2.11.4/jackson-module-parameter-names-2.11.4.jar:/home/basis/.m2/repository/org/springframework/boot/spring-boot-starter-tomcat/2.4.8/spring-boot-starter-tomcat-2.4.8.jar:/home/basis/.m2/repository/org/apache/tomcat/embed/tomcat-embed-core/9.0.48/tomcat-embed-core-9.0.48.jar:/home/basis/.m2/repository/org/glassfish/jakarta.el/3.0.3/jakarta.el-3.0.3.jar:/home/basis/.m2/repository/org/apache/tomcat/embed/tomcat-embed-websocket/9.0.48/tomcat-embed-websocket-9.0.48.jar:/home/basis/.m2/repository/org/springframework/spring-web/5.3.8/spring-web-5.3.8.jar:/home/basis/.m2/repository/org/springframework/spring-webmvc/5.3.8/spring-webmvc-5.3.8.jar:/home/basis/.m2/repository/org/projectlombok/lombok/1.18.20/lombok-1.18.20.jar:/home/basis/.m2/repository/org/springframework/boot/spring-boot-starter-test/2.4.8/spring-boot-starter-test-2.4.8.jar:/home/basis/.m2/repository/org/springframework/boot/spring-boot-test/2.4.8/spring-boot-test-2.4.8.jar:/home/basis/.m2/repository/org/springframework/boot/spring-boot-test-autoconfigure/2.4.8/spring-boot-test-autoconfigure-2.4.8.jar:/home/basis/.m2/repository/com/jayway/jsonpath/json-path/2.4.0/json-path-2.4.0.jar:/home/basis/.m2/repository/net/minidev/json-smart/2.3.1/json-smart-2.3.1.jar:/home/basis/.m2/repository/net/minidev/accessors-smart/2.3.1/accessors-smart-2.3.1.jar:/home/basis/.m2/repository/org/slf4j/slf4j-api/1.7.31/slf4j-api-1.7.31.jar:/home/basis/.m2/repository/jakarta/xml/bind/jakarta.xml.bind-api/2.3.3/jakarta.xml.bind-api-2.3.3.jar:/home/basis/.m2/repository/jakarta/activation/jakarta.activation-api/1.2.2/jakarta.activation-api-1.2.2.jar:/home/basis/.m2/repository/org/assertj/assertj-core/3.18.1/assertj-core-3.18.1.jar:/home/basis/.m2/repository/org/hamcrest/hamcrest/2.2/hamcrest-2.2.jar:/home/basis/.m2/repository/org/junit/jupiter/junit-jupiter/5.7.2/junit-jupiter-5.7.2.jar:/home/basis/.m2/repository/org/junit/jupiter/junit-jupiter-api/5.7.2/junit-jupiter-api-5.7.2.jar:/home/basis/.m2/repository/org/apiguardian/apiguardian-api/1.1.0/apiguardian-api-1.1.0.jar:/home/basis/.m2/repository/org/opentest4j/opentest4j/1.2.0/opentest4j-1.2.0.jar:/home/basis/.m2/repository/org/junit/platform/junit-platform-commons/1.7.2/junit-platform-commons-1.7.2.jar:/home/basis/.m2/repository/org/junit/jupiter/junit-jupiter-params/5.7.2/junit-jupiter-params-5.7.2.jar:/home/basis/.m2/repository/org/junit/jupiter/junit-jupiter-engine/5.7.2/junit-jupiter-engine-5.7.2.jar:/home/basis/.m2/repository/org/junit/platform/junit-platform-engine/1.7.2/junit-platform-engine-1.7.2.jar:/home/basis/.m2/repository/org/mockito/mockito-junit-jupiter/3.6.28/mockito-junit-jupiter-3.6.28.jar:/home/basis/.m2/repository/org/skyscreamer/jsonassert/1.5.0/jsonassert-1.5.0.jar:/home/basis/.m2/repository/com/vaadin/external/google/android-json/0.0.20131108.vaadin1/android-json-0.0.20131108.vaadin1.jar:/home/basis/.m2/repository/org/springframework/spring-core/5.3.8/spring-core-5.3.8.jar:/home/basis/.m2/repository/org/springframework/spring-jcl/5.3.8/spring-jcl-5.3.8.jar:/home/basis/.m2/repository/org/springframework/spring-test/5.3.8/spring-test-5.3.8.jar:/home/basis/.m2/repository/org/xmlunit/xmlunit-core/2.7.0/xmlunit-core-2.7.0.jar:/home/basis/.m2/repository/org/liquibase/liquibase-core/4.4.1/liquibase-core-4.4.1.jar:/home/basis/.m2/repository/javax/xml/bind/jaxb-api/2.3.1/jaxb-api-2.3.1.jar:/home/basis/.m2/repository/org/springframework/boot/spring-boot-starter-data-jpa/2.4.8/spring-boot-starter-data-jpa-2.4.8.jar:/home/basis/.m2/repository/org/springframework/boot/spring-boot-starter-aop/2.4.8/spring-boot-starter-aop-2.4.8.jar:/home/basis/.m2/repository/org/aspectj/aspectjweaver/1.9.6/aspectjweaver-1.9.6.jar:/home/basis/.m2/repository/org/springframework/boot/spring-boot-starter-jdbc/2.4.8/spring-boot-starter-jdbc-2.4.8.jar:/home/basis/.m2/repository/com/zaxxer/HikariCP/3.4.5/HikariCP-3.4.5.jar:/home/basis/.m2/repository/org/springframework/spring-jdbc/5.3.8/spring-jdbc-5.3.8.jar:/home/basis/.m2/repository/jakarta/transaction/jakarta.transaction-api/1.3.3/jakarta.transaction-api-1.3.3.jar:/home/basis/.m2/repository/jakarta/persistence/jakarta.persistence-api/2.2.3/jakarta.persistence-api-2.2.3.jar:/home/basis/.m2/repository/org/springframework/data/spring-data-jpa/2.4.10/spring-data-jpa-2.4.10.jar:/home/basis/.m2/repository/org/springframework/data/spring-data-commons/2.4.10/spring-data-commons-2.4.10.jar:/home/basis/.m2/repository/org/springframework/spring-orm/5.3.8/spring-orm-5.3.8.jar:/home/basis/.m2/repository/org/springframework/spring-tx/5.3.8/spring-tx-5.3.8.jar:/home/basis/.m2/repository/org/springframework/spring-aspects/5.3.8/spring-aspects-5.3.8.jar:/home/basis/.m2/repository/org/postgresql/postgresql/42.2.23/postgresql-42.2.23.jar:/home/basis/.m2/repository/org/checkerframework/checker-qual/3.5.0/checker-qual-3.5.0.jar:/home/basis/.m2/repository/org/mapstruct/mapstruct-jdk8/1.2.0.Final/mapstruct-jdk8-1.2.0.Final.jar:/home/basis/.m2/repository/org/mapstruct/mapstruct-processor/1.2.0.Final/mapstruct-processor-1.2.0.Final.jar:/home/basis/.m2/repository/org/hibernate/hibernate-core/5.4.32.Final/hibernate-core-5.4.32.Final.jar:/home/basis/.m2/repository/org/jboss/logging/jboss-logging/3.4.2.Final/jboss-logging-3.4.2.Final.jar:/home/basis/.m2/repository/javax/persistence/javax.persistence-api/2.2/javax.persistence-api-2.2.jar:/home/basis/.m2/repository/org/javassist/javassist/3.27.0-GA/javassist-3.27.0-GA.jar:/home/basis/.m2/repository/net/bytebuddy/byte-buddy/1.10.22/byte-buddy-1.10.22.jar:/home/basis/.m2/repository/antlr/antlr/2.7.7/antlr-2.7.7.jar:/home/basis/.m2/repository/org/jboss/spec/javax/transaction/jboss-transaction-api_1.2_spec/1.1.1.Final/jboss-transaction-api_1.2_spec-1.1.1.Final.jar:/home/basis/.m2/repository/org/jboss/jandex/2.2.3.Final/jandex-2.2.3.Final.jar:/home/basis/.m2/repository/com/fasterxml/classmate/1.5.1/classmate-1.5.1.jar:/home/basis/.m2/repository/javax/activation/javax.activation-api/1.2.0/javax.activation-api-1.2.0.jar:/home/basis/.m2/repository/org/dom4j/dom4j/2.1.3/dom4j-2.1.3.jar:/home/basis/.m2/repository/org/hibernate/common/hibernate-commons-annotations/5.1.2.Final/hibernate-commons-annotations-5.1.2.Final.jar:/home/basis/.m2/repository/org/glassfish/jaxb/jaxb-runtime/2.3.4/jaxb-runtime-2.3.4.jar:/home/basis/.m2/repository/org/glassfish/jaxb/txw2/2.3.4/txw2-2.3.4.jar:/home/basis/.m2/repository/com/sun/istack/istack-commons-runtime/3.0.12/istack-commons-runtime-3.0.12.jar:/home/basis/.m2/repository/com/sun/activation/jakarta.activation/1.2.2/jakarta.activation-1.2.2.jar:/home/basis/.m2/repository/org/springframework/spring-context/5.3.8/spring-context-5.3.8.jar:/home/basis/.m2/repository/org/springframework/spring-aop/5.3.8/spring-aop-5.3.8.jar:/home/basis/.m2/repository/org/springframework/spring-beans/5.3.8/spring-beans-5.3.8.jar:/home/basis/.m2/repository/org/springframework/spring-expression/5.3.8/spring-expression-5.3.8.jar:/home/basis/.m2/repository/org/springframework/boot/spring-boot-autoconfigure/2.4.8/spring-boot-autoconfigure-2.4.8.jar:/home/basis/.m2/repository/org/springframework/boot/spring-boot/2.4.8/spring-boot-2.4.8.jar:/home/basis/.m2/repository/org/mockito/mockito-core/3.6.28/mockito-core-3.6.28.jar:/home/basis/.m2/repository/net/bytebuddy/byte-buddy-agent/1.10.22/byte-buddy-agent-1.10.22.jar:/home/basis/.m2/repository/org/objenesis/objenesis/3.1/objenesis-3.1.jar:/home/basis/.m2/repository/org/apache/maven/surefire/maven-surefire-common/2.22.2/maven-surefire-common-2.22.2.jar:/home/basis/.m2/repository/org/apache/maven/maven-plugin-api/2.2.1/maven-plugin-api-2.2.1.jar:/home/basis/.m2/repository/org/apache/maven/plugin-tools/maven-plugin-annotations/3.5.2/maven-plugin-annotations-3.5.2.jar:/home/basis/.m2/repository/org/apache/maven/surefire/surefire-api/2.22.2/surefire-api-2.22.2.jar:/home/basis/.m2/repository/org/apache/maven/surefire/surefire-logger-api/2.22.2/surefire-logger-api-2.22.2.jar:/home/basis/.m2/repository/org/apache/maven/surefire/surefire-booter/2.22.2/surefire-booter-2.22.2.jar:/home/basis/.m2/repository/org/apache/maven/maven-artifact/2.2.1/maven-artifact-2.2.1.jar:/home/basis/.m2/repository/org/codehaus/plexus/plexus-utils/1.5.15/plexus-utils-1.5.15.jar:/home/basis/.m2/repository/org/apache/maven/maven-plugin-descriptor/2.2.1/maven-plugin-descriptor-2.2.1.jar:/home/basis/.m2/repository/org/codehaus/plexus/plexus-container-default/1.0-alpha-9-stable-1/plexus-container-default-1.0-alpha-9-stable-1.jar:/home/basis/.m2/repository/junit/junit/4.13.2/junit-4.13.2.jar:/home/basis/.m2/repository/org/hamcrest/hamcrest-core/2.2/hamcrest-core-2.2.jar:/home/basis/.m2/repository/org/apache/maven/maven-project/2.2.1/maven-project-2.2.1.jar:/home/basis/.m2/repository/org/apache/maven/maven-settings/2.2.1/maven-settings-2.2.1.jar:/home/basis/.m2/repository/org/apache/maven/maven-profile/2.2.1/maven-profile-2.2.1.jar:/home/basis/.m2/repository/org/apache/maven/maven-artifact-manager/2.2.1/maven-artifact-manager-2.2.1.jar:/home/basis/.m2/repository/backport-util-concurrent/backport-util-concurrent/3.1/backport-util-concurrent-3.1.jar:/home/basis/.m2/repository/org/apache/maven/maven-plugin-registry/2.2.1/maven-plugin-registry-2.2.1.jar:/home/basis/.m2/repository/org/codehaus/plexus/plexus-interpolation/1.11/plexus-interpolation-1.11.jar:/home/basis/.m2/repository/org/apache/maven/maven-model/2.2.1/maven-model-2.2.1.jar:/home/basis/.m2/repository/org/apache/maven/maven-core/2.2.1/maven-core-2.2.1.jar:/home/basis/.m2/repository/org/apache/maven/maven-plugin-parameter-documenter/2.2.1/maven-plugin-parameter-documenter-2.2.1.jar:/home/basis/.m2/repository/org/apache/maven/wagon/wagon-http/1.0-beta-6/wagon-http-1.0-beta-6.jar:/home/basis/.m2/repository/org/apache/maven/wagon/wagon-http-shared/1.0-beta-6/wagon-http-shared-1.0-beta-6.jar:/home/basis/.m2/repository/nekohtml/xercesMinimal/1.9.6.2/xercesMinimal-1.9.6.2.jar:/home/basis/.m2/repository/nekohtml/nekohtml/1.9.6.2/nekohtml-1.9.6.2.jar:/home/basis/.m2/repository/commons-httpclient/commons-httpclient/3.1/commons-httpclient-3.1.jar:/home/basis/.m2/repository/commons-codec/commons-codec/1.15/commons-codec-1.15.jar:/home/basis/.m2/repository/org/apache/maven/wagon/wagon-webdav-jackrabbit/1.0-beta-6/wagon-webdav-jackrabbit-1.0-beta-6.jar:/home/basis/.m2/repository/org/apache/jackrabbit/jackrabbit-webdav/1.5.0/jackrabbit-webdav-1.5.0.jar:/home/basis/.m2/repository/org/apache/jackrabbit/jackrabbit-jcr-commons/1.5.0/jackrabbit-jcr-commons-1.5.0.jar:/home/basis/.m2/repository/org/slf4j/slf4j-nop/1.7.31/slf4j-nop-1.7.31.jar:/home/basis/.m2/repository/org/slf4j/slf4j-jdk14/1.7.31/slf4j-jdk14-1.7.31.jar:/home/basis/.m2/repository/org/slf4j/jcl-over-slf4j/1.7.31/jcl-over-slf4j-1.7.31.jar:/home/basis/.m2/repository/org/apache/maven/reporting/maven-reporting-api/2.2.1/maven-reporting-api-2.2.1.jar:/home/basis/.m2/repository/org/apache/maven/doxia/doxia-logging-api/1.1/doxia-logging-api-1.1.jar:/home/basis/.m2/repository/org/apache/maven/wagon/wagon-provider-api/1.0-beta-6/wagon-provider-api-1.0-beta-6.jar:/home/basis/.m2/repository/org/apache/maven/maven-repository-metadata/2.2.1/maven-repository-metadata-2.2.1.jar:/home/basis/.m2/repository/org/apache/maven/maven-error-diagnostics/2.2.1/maven-error-diagnostics-2.2.1.jar:/home/basis/.m2/repository/org/apache/maven/maven-monitor/2.2.1/maven-monitor-2.2.1.jar:/home/basis/.m2/repository/classworlds/classworlds/1.1/classworlds-1.1.jar:/home/basis/.m2/repository/org/sonatype/plexus/plexus-sec-dispatcher/1.3/plexus-sec-dispatcher-1.3.jar:/home/basis/.m2/repository/org/sonatype/plexus/plexus-cipher/1.4/plexus-cipher-1.4.jar:/home/basis/.m2/repository/org/apache/maven/maven-toolchain/2.2.1/maven-toolchain-2.2.1.jar:/home/basis/.m2/repository/org/codehaus/plexus/plexus-java/0.9.10/plexus-java-0.9.10.jar:/home/basis/.m2/repository/org/ow2/asm/asm/6.2/asm-6.2.jar:/home/basis/.m2/repository/com/thoughtworks/qdox/qdox/2.0-M8/qdox-2.0-M8.jar:"/>
    <property name="sun.cpu.endian" value="little"/>
    <property name="user.home" value="/home/basis"/>
    <property name="user.language" value="pt"/>
    <property name="java.specification.vendor" value="Oracle Corporation"/>
    <property name="java.version.date" value="2021-04-20"/>
    <property name="java.home" value="/usr/lib/jvm/java-11-openjdk-amd64"/>
    <property name="file.separator" value="/"/>
    <property name="basedir" value="/home/basis/Documentos/GitHub/sgt-2"/>
    <property name="java.vm.compressedOopsMode" value="Zero based"/>
    <property name="line.separator" value="&#10;"/>
    <property name="java.specification.name" value="Java Platform API Specification"/>
    <property name="java.vm.specification.vendor" value="Oracle Corporation"/>
    <property name="java.awt.graphicsenv" value="sun.awt.X11GraphicsEnvironment"/>
    <property name="surefire.real.class.path" value="/home/basis/Documentos/GitHub/sgt-2/target/surefire/surefirebooter389876143752300013.jar"/>
    <property name="sun.management.compiler" value="HotSpot 64-Bit Tiered Compilers"/>
    <property name="java.runtime.version" value="11.0.11+9-Ubuntu-0ubuntu2.20.04"/>
    <property name="user.name" value="basis"/>
    <property name="path.separator" value=":"/>
    <property name="os.version" value="5.11.0-27-generic"/>
    <property name="java.runtime.name" value="OpenJDK Runtime Environment"/>
    <property name="file.encoding" value="UTF-8"/>
    <property name="java.vm.name" value="OpenJDK 64-Bit Server VM"/>
    <property name="localRepository" value="/home/basis/.m2/repository"/>
    <property name="java.vendor.url.bug" value="https://bugs.launchpad.net/ubuntu/+source/openjdk-lts"/>
    <property name="java.io.tmpdir" value="/tmp"/>
    <property name="java.version" value="11.0.11"/>
    <property name="user.dir" value="/home/basis/Documentos/GitHub/sgt-2"/>
    <property name="os.arch" value="amd64"/>
    <property name="java.vm.specification.name" value="Java Virtual Machine Specification"/>
    <property name="java.awt.printerjob" value="sun.print.PSPrinterJob"/>
    <property name="sun.os.patch.level" value="unknown"/>
    <property name="java.library.path" value="/usr/java/packages/lib:/usr/lib/x86_64-linux-gnu/jni:/lib/x86_64-linux-gnu:/usr/lib/x86_64-linux-gnu:/usr/lib/jni:/lib:/usr/lib"/>
    <property name="java.vm.info" value="mixed mode, sharing"/>
    <property name="java.vendor" value="Ubuntu"/>
    <property name="java.vm.version" value="11.0.11+9-Ubuntu-0ubuntu2.20.04"/>
    <property name="sun.io.unicode.encoding" value="UnicodeLittle"/>
    <property name="java.class.version" value="55.0"/>
  </properties>
  <testcase name="contextLoads" classname="br.com.basis.sgt.SgtApplicationTests" time="0.12"/>
</testsuite>